# JRE version: Java(TM) SE Runtime Environment (8.0_101-b13) (build 1.8.0_101-b13)
# Java VM: Java HotSpot(TM) 64-Bit Server VM (25.101-b13 mixed mode windows-amd64 compressed oops)
Heap:
 PSYoungGen      total 15872K, used 13516K [0x00000000eab00000, 0x00000000ec000000, 0x0000000100000000)
  eden space 13312K, 92% used [0x00000000eab00000,0x00000000eb70b248,0x00000000eb800000)
  from space 2560K, 46% used [0x00000000eb800000,0x00000000eb928000,0x00000000eba80000)
  to   space 2560K, 0% used [0x00000000ebd80000,0x00000000ebd80000,0x00000000ec000000)
 ParOldGen       total 18944K, used 11252K [0x00000000c0000000, 0x00000000c1280000, 0x00000000eab00000)
  object space 18944K, 59% used [0x00000000c0000000,0x00000000c0afd360,0x00000000c1280000)
 Metaspace       used 28470K, capacity 28978K, committed 29184K, reserved 1075200K
  class space    used 3913K, capacity 4033K, committed 4096K, reserved 1048576K
GC Heap History (10 events):
Event: 237.188 GC heap before
{Heap before GC invocations=24 (full 1):
 PSYoungGen      total 13824K, used 12288K [0x00000000eab00000, 0x00000000ebb80000, 0x0000000100000000)
  eden space 10752K, 100% used [0x00000000eab00000,0x00000000eb580000,0x00000000eb580000)
  from space 3072K, 50% used [0x00000000eb880000,0x00000000eba003b0,0x00000000ebb80000)
  to   space 3072K, 0% used [0x00000000eb580000,0x00000000eb580000,0x00000000eb880000)
 ParOldGen       total 18944K, used 10559K [0x00000000c0000000, 0x00000000c1280000, 0x00000000eab00000)
  object space 18944K, 55% used [0x00000000c0000000,0x00000000c0a4ff50,0x00000000c1280000)
 Metaspace       used 27835K, capacity 28268K, committed 28416K, reserved 1073152K
  class space    used 3883K, capacity 4032K, committed 4096K, reserved 1048576K
Event: 237.193 GC heap after
Heap after GC invocations=24 (full 1):
 PSYoungGen      total 13824K, used 1184K [0x00000000eab00000, 0x00000000ebb80000, 0x0000000100000000)
  eden space 10752K, 0% used [0x00000000eab00000,0x00000000eab00000,0x00000000eb580000)
  from space 3072K, 38% used [0x00000000eb580000,0x00000000eb6a8000,0x00000000eb880000)
  to   space 3072K, 0% used [0x00000000eb880000,0x00000000eb880000,0x00000000ebb80000)
 ParOldGen       total 18944K, used 10567K [0x00000000c0000000, 0x00000000c1280000, 0x00000000eab00000)
  object space 18944K, 55% used [0x00000000c0000000,0x00000000c0a51f50,0x00000000c1280000)
 Metaspace       used 27835K, capacity 28268K, committed 28416K, reserved 1073152K
  class space    used 3883K, capacity 4032K, committed 4096K, reserved 1048576K
}
Event: 238.877 GC heap before
{Heap before GC invocations=25 (full 1):
 PSYoungGen      total 13824K, used 11936K [0x00000000eab00000, 0x00000000ebb80000, 0x0000000100000000)
  eden space 10752K, 100% used [0x00000000eab00000,0x00000000eb580000,0x00000000eb580000)
  from space 3072K, 38% used [0x00000000eb580000,0x00000000eb6a8000,0x00000000eb880000)
  to   space 3072K, 0% used [0x00000000eb880000,0x00000000eb880000,0x00000000ebb80000)
 ParOldGen       total 18944K, used 10567K [0x00000000c0000000, 0x00000000c1280000, 0x00000000eab00000)
  object space 18944K, 55% used [0x00000000c0000000,0x00000000c0a51f50,0x00000000c1280000)
 Metaspace       used 27908K, capacity 28402K, committed 28672K, reserved 1073152K
  class space    used 3883K, capacity 4033K, committed 4096K, reserved 1048576K
Event: 238.885 GC heap after
Heap after GC invocations=25 (full 1):
 PSYoungGen      total 13824K, used 1152K [0x00000000eab00000, 0x00000000ebb80000, 0x0000000100000000)
  eden space 10752K, 0% used [0x00000000eab00000,0x00000000eab00000,0x00000000eb580000)
  from space 3072K, 37% used [0x00000000eb880000,0x00000000eb9a0000,0x00000000ebb80000)
  to   space 3072K, 0% used [0x00000000eb580000,0x00000000eb580000,0x00000000eb880000)
 ParOldGen       total 18944K, used 10575K [0x00000000c0000000, 0x00000000c1280000, 0x00000000eab00000)
  object space 18944K, 55% used [0x00000000c0000000,0x00000000c0a53f50,0x00000000c1280000)
 Metaspace       used 27908K, capacity 28402K, committed 28672K, reserved 1073152K
  class space    used 3883K, capacity 4033K, committed 4096K, reserved 1048576K
}
Event: 239.603 GC heap before
{Heap before GC invocations=26 (full 1):
 PSYoungGen      total 13824K, used 11904K [0x00000000eab00000, 0x00000000ebb80000, 0x0000000100000000)
  eden space 10752K, 100% used [0x00000000eab00000,0x00000000eb580000,0x00000000eb580000)
  from space 3072K, 37% used [0x00000000eb880000,0x00000000eb9a0000,0x00000000ebb80000)
  to   space 3072K, 0% used [0x00000000eb580000,0x00000000eb580000,0x00000000eb880000)
 ParOldGen       total 18944K, used 10575K [0x00000000c0000000, 0x00000000c1280000, 0x00000000eab00000)
  object space 18944K, 55% used [0x00000000c0000000,0x00000000c0a53f50,0x00000000c1280000)
 Metaspace       used 27998K, capacity 28466K, committed 28672K, reserved 1073152K
  class space    used 3885K, capacity 4033K, committed 4096K, reserved 1048576K
Event: 239.613 GC heap after
Heap after GC invocations=26 (full 1):
 PSYoungGen      total 13824K, used 1408K [0x00000000eab00000, 0x00000000ebd80000, 0x0000000100000000)
  eden space 10752K, 0% used [0x00000000eab00000,0x00000000eab00000,0x00000000eb580000)
  from space 3072K, 45% used [0x00000000eb580000,0x00000000eb6e0000,0x00000000eb880000)
  to   space 3072K, 0% used [0x00000000eba80000,0x00000000eba80000,0x00000000ebd80000)
 ParOldGen       total 18944K, used 10583K [0x00000000c0000000, 0x00000000c1280000, 0x00000000eab00000)
  object space 18944K, 55% used [0x00000000c0000000,0x00000000c0a55f50,0x00000000c1280000)
 Metaspace       used 27998K, capacity 28466K, committed 28672K, reserved 1073152K
  class space    used 3885K, capacity 4033K, committed 4096K, reserved 1048576K
}
Event: 239.983 GC heap before
{Heap before GC invocations=27 (full 1):
 PSYoungGen      total 13824K, used 12160K [0x00000000eab00000, 0x00000000ebd80000, 0x0000000100000000)
  eden space 10752K, 100% used [0x00000000eab00000,0x00000000eb580000,0x00000000eb580000)
  from space 3072K, 45% used [0x00000000eb580000,0x00000000eb6e0000,0x00000000eb880000)
  to   space 3072K, 0% used [0x00000000eba80000,0x00000000eba80000,0x00000000ebd80000)
 ParOldGen       total 18944K, used 10583K [0x00000000c0000000, 0x00000000c1280000, 0x00000000eab00000)
  object space 18944K, 55% used [0x00000000c0000000,0x00000000c0a55f50,0x00000000c1280000)
 Metaspace       used 28051K, capacity 28594K, committed 28928K, reserved 1075200K
  class space    used 3885K, capacity 4033K, committed 4096K, reserved 1048576K
Event: 239.995 GC heap after
Heap after GC invocations=27 (full 1):
 PSYoungGen      total 16384K, used 1152K [0x00000000eab00000, 0x00000000ebd80000, 0x0000000100000000)
  eden space 13312K, 0% used [0x00000000eab00000,0x00000000eab00000,0x00000000eb800000)
  from space 3072K, 37% used [0x00000000eba80000,0x00000000ebba0000,0x00000000ebd80000)
  to   space 2560K, 0% used [0x00000000eb800000,0x00000000eb800000,0x00000000eba80000)
 ParOldGen       total 18944K, used 11012K [0x00000000c0000000, 0x00000000c1280000, 0x00000000eab00000)
  object space 18944K, 58% used [0x00000000c0000000,0x00000000c0ac1360,0x00000000c1280000)
 Metaspace       used 28051K, capacity 28594K, committed 28928K, reserved 1075200K
  class space    used 3885K, capacity 4033K, committed 4096K, reserved 1048576K
}
Event: 240.439 GC heap before
{Heap before GC invocations=28 (full 1):
 PSYoungGen      total 16384K, used 14464K [0x00000000eab00000, 0x00000000ebd80000, 0x0000000100000000)
  eden space 13312K, 100% used [0x00000000eab00000,0x00000000eb800000,0x00000000eb800000)
  from space 3072K, 37% used [0x00000000eba80000,0x00000000ebba0000,0x00000000ebd80000)
  to   space 2560K, 0% used [0x00000000eb800000,0x00000000eb800000,0x00000000eba80000)
 ParOldGen       total 18944K, used 11012K [0x00000000c0000000, 0x00000000c1280000, 0x00000000eab00000)
  object space 18944K, 58% used [0x00000000c0000000,0x00000000c0ac1360,0x00000000c1280000)
 Metaspace       used 28151K, capacity 28658K, committed 28928K, reserved 1075200K
  class space    used 3885K, capacity 4033K, committed 4096K, reserved 1048576K
Event: 240.444 GC heap after
Heap after GC invocations=28 (full 1):
 PSYoungGen      total 15872K, used 1184K [0x00000000eab00000, 0x00000000ec000000, 0x0000000100000000)
  eden space 13312K, 0% used [0x00000000eab00000,0x00000000eab00000,0x00000000eb800000)
  from space 2560K, 46% used [0x00000000eb800000,0x00000000eb928000,0x00000000eba80000)
  to   space 2560K, 0% used [0x00000000ebd80000,0x00000000ebd80000,0x00000000ec000000)
 ParOldGen       total 18944K, used 11252K [0x00000000c0000000, 0x00000000c1280000, 0x00000000eab00000)
  object space 18944K, 59% used [0x00000000c0000000,0x00000000c0afd360,0x00000000c1280000)
 Metaspace       used 28151K, capacity 28658K, committed 28928K, reserved 1075200K
  class space    used 3885K, capacity 4033K, committed 4096K, reserved 1048576K
}

