# JRE version: Java(TM) SE Runtime Environment (8.0_101-b13) (build 1.8.0_101-b13)
# Java VM: Java HotSpot(TM) 64-Bit Server VM (25.101-b13 mixed mode windows-amd64 compressed oops)
Heap:
 PSYoungGen      total 28672K, used 831K [0x00000000eab00000, 0x00000000eca80000, 0x0000000100000000)
  eden space 25088K, 0% used [0x00000000eab00000,0x00000000eab00000,0x00000000ec380000)
  from space 3584K, 23% used [0x00000000ec700000,0x00000000ec7cfce8,0x00000000eca80000)
  to   space 3584K, 0% used [0x00000000ec380000,0x00000000ec380000,0x00000000ec700000)
 ParOldGen       total 18944K, used 9684K [0x00000000c0000000, 0x00000000c1280000, 0x00000000eab00000)
  object space 18944K, 51% used [0x00000000c0000000,0x00000000c0975268,0x00000000c1280000)
 Metaspace       used 26607K, capacity 27034K, committed 27136K, reserved 1077248K
  class space    used 3720K, capacity 3837K, committed 3840K, reserved 1048576K
GC Heap History (10 events):
Event: 201.095 GC heap after
Heap after GC invocations=17 (full 1):
 PSYoungGen      total 17408K, used 1084K [0x00000000eab00000, 0x00000000ec080000, 0x0000000100000000)
  eden space 13824K, 0% used [0x00000000eab00000,0x00000000eab00000,0x00000000eb880000)
  from space 3584K, 30% used [0x00000000ebd00000,0x00000000ebe0f1e0,0x00000000ec080000)
  to   space 4096K, 0% used [0x00000000eb880000,0x00000000eb880000,0x00000000ebc80000)
 ParOldGen       total 18944K, used 7639K [0x00000000c0000000, 0x00000000c1280000, 0x00000000eab00000)
  object space 18944K, 40% used [0x00000000c0000000,0x00000000c0775ef0,0x00000000c1280000)
 Metaspace       used 22419K, capacity 22782K, committed 22912K, reserved 1069056K
  class space    used 3016K, capacity 3149K, committed 3200K, reserved 1048576K
}
Event: 212.277 GC heap before
{Heap before GC invocations=18 (full 1):
 PSYoungGen      total 17408K, used 14908K [0x00000000eab00000, 0x00000000ec080000, 0x0000000100000000)
  eden space 13824K, 100% used [0x00000000eab00000,0x00000000eb880000,0x00000000eb880000)
  from space 3584K, 30% used [0x00000000ebd00000,0x00000000ebe0f1e0,0x00000000ec080000)
  to   space 4096K, 0% used [0x00000000eb880000,0x00000000eb880000,0x00000000ebc80000)
 ParOldGen       total 18944K, used 7639K [0x00000000c0000000, 0x00000000c1280000, 0x00000000eab00000)
  object space 18944K, 40% used [0x00000000c0000000,0x00000000c0775ef0,0x00000000c1280000)
 Metaspace       used 23242K, capacity 23730K, committed 23808K, reserved 1069056K
  class space    used 3179K, capacity 3315K, committed 3328K, reserved 1048576K
Event: 212.328 GC heap after
Heap after GC invocations=18 (full 1):
 PSYoungGen      total 17920K, used 1559K [0x00000000eab00000, 0x00000000ec480000, 0x0000000100000000)
  eden space 13824K, 0% used [0x00000000eab00000,0x00000000eab00000,0x00000000eb880000)
  from space 4096K, 38% used [0x00000000eb880000,0x00000000eba05dc8,0x00000000ebc80000)
  to   space 3584K, 0% used [0x00000000ec100000,0x00000000ec100000,0x00000000ec480000)
 ParOldGen       total 18944K, used 8103K [0x00000000c0000000, 0x00000000c1280000, 0x00000000eab00000)
  object space 18944K, 42% used [0x00000000c0000000,0x00000000c07e9ef0,0x00000000c1280000)
 Metaspace       used 23242K, capacity 23730K, committed 23808K, reserved 1069056K
  class space    used 3179K, capacity 3315K, committed 3328K, reserved 1048576K
}
Event: 221.456 GC heap before
{Heap before GC invocations=19 (full 1):
 PSYoungGen      total 17920K, used 15383K [0x00000000eab00000, 0x00000000ec480000, 0x0000000100000000)
  eden space 13824K, 100% used [0x00000000eab00000,0x00000000eb880000,0x00000000eb880000)
  from space 4096K, 38% used [0x00000000eb880000,0x00000000eba05dc8,0x00000000ebc80000)
  to   space 3584K, 0% used [0x00000000ec100000,0x00000000ec100000,0x00000000ec480000)
 ParOldGen       total 18944K, used 8103K [0x00000000c0000000, 0x00000000c1280000, 0x00000000eab00000)
  object space 18944K, 42% used [0x00000000c0000000,0x00000000c07e9ef0,0x00000000c1280000)
 Metaspace       used 24457K, capacity 24922K, committed 25088K, reserved 1071104K
  class space    used 3385K, capacity 3517K, committed 3584K, reserved 1048576K
Event: 221.470 GC heap after
Heap after GC invocations=19 (full 1):
 PSYoungGen      total 22528K, used 1577K [0x00000000eab00000, 0x00000000ec480000, 0x0000000100000000)
  eden space 18944K, 0% used [0x00000000eab00000,0x00000000eab00000,0x00000000ebd80000)
  from space 3584K, 44% used [0x00000000ec100000,0x00000000ec28a460,0x00000000ec480000)
  to   space 3584K, 0% used [0x00000000ebd80000,0x00000000ebd80000,0x00000000ec100000)
 ParOldGen       total 18944K, used 9003K [0x00000000c0000000, 0x00000000c1280000, 0x00000000eab00000)
  object space 18944K, 47% used [0x00000000c0000000,0x00000000c08caff0,0x00000000c1280000)
 Metaspace       used 24457K, capacity 24922K, committed 25088K, reserved 1071104K
  class space    used 3385K, capacity 3517K, committed 3584K, reserved 1048576K
}
Event: 248.732 GC heap before
{Heap before GC invocations=20 (full 1):
 PSYoungGen      total 22528K, used 20521K [0x00000000eab00000, 0x00000000ec480000, 0x0000000100000000)
  eden space 18944K, 100% used [0x00000000eab00000,0x00000000ebd80000,0x00000000ebd80000)
  from space 3584K, 44% used [0x00000000ec100000,0x00000000ec28a460,0x00000000ec480000)
  to   space 3584K, 0% used [0x00000000ebd80000,0x00000000ebd80000,0x00000000ec100000)
 ParOldGen       total 18944K, used 9003K [0x00000000c0000000, 0x00000000c1280000, 0x00000000eab00000)
  object space 18944K, 47% used [0x00000000c0000000,0x00000000c08caff0,0x00000000c1280000)
 Metaspace       used 25907K, capacity 26362K, committed 26624K, reserved 1073152K
  class space    used 3616K, capacity 3741K, committed 3840K, reserved 1048576K
Event: 248.739 GC heap after
Heap after GC invocations=20 (full 1):
 PSYoungGen      total 22528K, used 1775K [0x00000000eab00000, 0x00000000eca80000, 0x0000000100000000)
  eden space 18944K, 0% used [0x00000000eab00000,0x00000000eab00000,0x00000000ebd80000)
  from space 3584K, 49% used [0x00000000ebd80000,0x00000000ebf3bc50,0x00000000ec100000)
  to   space 3584K, 0% used [0x00000000ec700000,0x00000000ec700000,0x00000000eca80000)
 ParOldGen       total 18944K, used 9479K [0x00000000c0000000, 0x00000000c1280000, 0x00000000eab00000)
  object space 18944K, 50% used [0x00000000c0000000,0x00000000c0941e58,0x00000000c1280000)
 Metaspace       used 25907K, capacity 26362K, committed 26624K, reserved 1073152K
  class space    used 3616K, capacity 3741K, committed 3840K, reserved 1048576K
}
Event: 249.617 GC heap before
{Heap before GC invocations=21 (full 1):
 PSYoungGen      total 22528K, used 9379K [0x00000000eab00000, 0x00000000eca80000, 0x0000000100000000)
  eden space 18944K, 40% used [0x00000000eab00000,0x00000000eb26d258,0x00000000ebd80000)
  from space 3584K, 49% used [0x00000000ebd80000,0x00000000ebf3bc50,0x00000000ec100000)
  to   space 3584K, 0% used [0x00000000ec700000,0x00000000ec700000,0x00000000eca80000)
 ParOldGen       total 18944K, used 9479K [0x00000000c0000000, 0x00000000c1280000, 0x00000000eab00000)
  object space 18944K, 50% used [0x00000000c0000000,0x00000000c0941e58,0x00000000c1280000)
 Metaspace       used 26607K, capacity 27034K, committed 27136K, reserved 1077248K
  class space    used 3720K, capacity 3837K, committed 3840K, reserved 1048576K
Event: 249.624 GC heap after
Heap after GC invocations=21 (full 1):
 PSYoungGen      total 28672K, used 831K [0x00000000eab00000, 0x00000000eca80000, 0x0000000100000000)
  eden space 25088K, 0% used [0x00000000eab00000,0x00000000eab00000,0x00000000ec380000)
  from space 3584K, 23% used [0x00000000ec700000,0x00000000ec7cfce8,0x00000000eca80000)
  to   space 3584K, 0% used [0x00000000ec380000,0x00000000ec380000,0x00000000ec700000)
 ParOldGen       total 18944K, used 9684K [0x00000000c0000000, 0x00000000c1280000, 0x00000000eab00000)
  object space 18944K, 51% used [0x00000000c0000000,0x00000000c0975268,0x00000000c1280000)
 Metaspace       used 26607K, capacity 27034K, committed 27136K, reserved 1077248K
  class space    used 3720K, capacity 3837K, committed 3840K, reserved 1048576K
}
Event: 249.624 GC heap before
{Heap before GC invocations=22 (full 2):
 PSYoungGen      total 28672K, used 831K [0x00000000eab00000, 0x00000000eca80000, 0x0000000100000000)
  eden space 25088K, 0% used [0x00000000eab00000,0x00000000eab00000,0x00000000ec380000)
  from space 3584K, 23% used [0x00000000ec700000,0x00000000ec7cfce8,0x00000000eca80000)
  to   space 3584K, 0% used [0x00000000ec380000,0x00000000ec380000,0x00000000ec700000)
 ParOldGen       total 18944K, used 9684K [0x00000000c0000000, 0x00000000c1280000, 0x00000000eab00000)
  object space 18944K, 51% used [0x00000000c0000000,0x00000000c0975268,0x00000000c1280000)
 Metaspace       used 26607K, capacity 27034K, committed 27136K, reserved 1077248K
  class space    used 3720K, capacity 3837K, committed 3840K, reserved 1048576K

